<?xml version="1.0" encoding="UTF-8"?>
<testng-results ignored="0" total="2" passed="2" failed="0" skipped="0">
  <reporter-output>
  </reporter-output>
  <suite started-at="2025-01-11T19:27:13 IST" name="Suite" finished-at="2025-01-11T19:27:27 IST" duration-ms="14580">
    <groups>
    </groups>
    <test started-at="2025-01-11T19:27:13 IST" name="Test" finished-at="2025-01-11T19:27:27 IST" duration-ms="14580">
      <class name="com.Test.LoginTest">
        <test-method is-config="true" signature="initlization()[pri:0, instance:com.Test.LoginTest@d41f816]" started-at="2025-01-11T19:27:12 IST" name="initlization" finished-at="2025-01-11T19:27:13 IST" duration-ms="885" status="PASS">
          <reporter-output>
          </reporter-output>
        </test-method> <!-- initlization -->
        <test-method is-config="true" signature="setUp()[pri:0, instance:com.Test.LoginTest@d41f816]" started-at="2025-01-11T19:27:13 IST" name="setUp" finished-at="2025-01-11T19:27:17 IST" duration-ms="4406" status="PASS">
          <reporter-output>
          </reporter-output>
        </test-method> <!-- setUp -->
        <test-method signature="verifyLoginwithValidCredentials()[pri:0, instance:com.Test.LoginTest@d41f816]" started-at="2025-01-11T19:27:17 IST" name="verifyLoginwithValidCredentials" finished-at="2025-01-11T19:27:18 IST" duration-ms="484" status="PASS">
          <reporter-output>
          </reporter-output>
        </test-method> <!-- verifyLoginwithValidCredentials -->
        <test-method is-config="true" signature="tearDown()[pri:0, instance:com.Test.LoginTest@d41f816]" started-at="2025-01-11T19:27:22 IST" name="tearDown" finished-at="2025-01-11T19:27:22 IST" duration-ms="1" status="PASS">
          <reporter-output>
          </reporter-output>
        </test-method> <!-- tearDown -->
        <test-method is-config="true" signature="setUp()[pri:0, instance:com.Test.LoginTest@d41f816]" started-at="2025-01-11T19:27:22 IST" name="setUp" finished-at="2025-01-11T19:27:25 IST" duration-ms="2839" status="PASS">
          <reporter-output>
          </reporter-output>
        </test-method> <!-- setUp -->
        <test-method signature="verifyLoginwithValidCredentials_001()[pri:0, instance:com.Test.LoginTest@d41f816]" started-at="2025-01-11T19:27:25 IST" name="verifyLoginwithValidCredentials_001" finished-at="2025-01-11T19:27:25 IST" duration-ms="362" status="PASS">
          <reporter-output>
          </reporter-output>
        </test-method> <!-- verifyLoginwithValidCredentials_001 -->
        <test-method is-config="true" signature="tearDown()[pri:0, instance:com.Test.LoginTest@d41f816]" started-at="2025-01-11T19:27:27 IST" name="tearDown" finished-at="2025-01-11T19:27:27 IST" duration-ms="0" status="PASS">
          <reporter-output>
          </reporter-output>
        </test-method> <!-- tearDown -->
      </class> <!-- com.Test.LoginTest -->
    </test> <!-- Test -->
  </suite> <!-- Suite -->
</testng-results>
